0 verbose cli /usr/local/bin/node /usr/local/bin/npm
1 info using npm@9.6.2
2 info using node@v18.15.0
3 timing npm:load:whichnode Completed in 14ms
4 timing config:load:defaults Completed in 1ms
5 timing config:load:file:/usr/local/lib/node_modules/npm/npmrc Completed in 8ms
6 timing config:load:builtin Completed in 8ms
7 timing config:load:cli Completed in 2ms
8 timing config:load:env Completed in 0ms
9 timing config:load:project Completed in 1ms
10 timing config:load:file:/home/container/.npmrc Completed in 0ms
11 timing config:load:user Completed in 0ms
12 timing config:load:file:/usr/local/etc/npmrc Completed in 0ms
13 timing config:load:global Completed in 1ms
14 timing config:load:setEnvs Completed in 0ms
15 timing config:load Completed in 13ms
16 timing npm:load:configload Completed in 13ms
17 timing npm:load:mkdirpcache Completed in 1ms
18 timing npm:load:mkdirplogs Completed in 3ms
19 verbose title npm install
20 verbose argv "install"
21 timing npm:load:setTitle Completed in 1ms
22 timing config:load:flatten Completed in 2ms
23 timing npm:load:display Completed in 3ms
24 verbose logfile logs-max:10 dir:/home/container/.npm/_logs/2023-03-30T06_17_20_703Z-
25 verbose logfile /home/container/.npm/_logs/2023-03-30T06_17_20_703Z-debug-0.log
26 timing npm:load:logFile Completed in 4ms
27 timing npm:load:timers Completed in 0ms
28 timing npm:load:configScope Completed in 0ms
29 timing npm:load Completed in 40ms
30 timing arborist:ctor Completed in 0ms
31 silly logfile done cleaning log files
32 timing idealTree:init Completed in 311ms
33 timing idealTree:userRequests Completed in 0ms
34 silly idealTree buildDeps
35 timing idealTree:#root Completed in 0ms
36 timing idealTree:buildDeps Completed in 1ms
37 timing idealTree:fixDepFlags Completed in 0ms
38 timing idealTree Completed in 319ms
39 timing arborist:ctor Completed in 0ms
40 timing reify:loadTrees Completed in 589ms
41 timing reify:diffTrees Completed in 6ms
42 silly reify moves {}
43 timing reify:retireShallow Completed in 1ms
44 timing reify:createSparse Completed in 0ms
45 timing reify:loadBundles Completed in 0ms
46 silly audit bulk request {
46 silly audit   '@adiwajshing/baileys': [ '4.4.0' ],
46 silly audit   axios: [ '0.24.0', '1.2.2' ],
46 silly audit   '@adiwajshing/keyed-db': [ '0.2.4' ],
46 silly audit   '@babel/runtime': [ '7.20.7' ],
46 silly audit   '@hapi/boom': [ '9.1.4' ],
46 silly audit   '@hapi/hoek': [ '9.3.0' ],
46 silly audit   '@jimp/bmp': [ '0.16.2' ],
46 silly audit   '@jimp/core': [ '0.16.2' ],
46 silly audit   'file-type': [ '9.0.0', '16.5.4' ],
46 silly audit   '@jimp/custom': [ '0.16.2' ],
46 silly audit   '@jimp/gif': [ '0.16.2' ],
46 silly audit   '@jimp/jpeg': [ '0.16.2' ],
46 silly audit   '@jimp/plugin-blit': [ '0.16.2' ],
46 silly audit   '@jimp/plugin-blur': [ '0.16.2' ],
46 silly audit   '@jimp/plugin-circle': [ '0.16.2' ],
46 silly audit   '@jimp/plugin-color': [ '0.16.2' ],
46 silly audit   '@jimp/plugin-contain': [ '0.16.2' ],
46 silly audit   '@jimp/plugin-cover': [ '0.16.2' ],
46 silly audit   '@jimp/plugin-crop': [ '0.16.2' ],
46 silly audit   '@jimp/plugin-displace': [ '0.16.2' ],
46 silly audit   '@jimp/plugin-dither': [ '0.16.2' ],
46 silly audit   '@jimp/plugin-fisheye': [ '0.16.2' ],
46 silly audit   '@jimp/plugin-flip': [ '0.16.2' ],
46 silly audit   '@jimp/plugin-gaussian': [ '0.16.2' ],
46 silly audit   '@jimp/plugin-invert': [ '0.16.2' ],
46 silly audit   '@jimp/plugin-mask': [ '0.16.2' ],
46 silly audit   '@jimp/plugin-normalize': [ '0.16.2' ],
46 silly audit   '@jimp/plugin-print': [ '0.16.2' ],
46 silly audit   '@jimp/plugin-resize': [ '0.16.2' ],
46 silly audit   '@jimp/plugin-rotate': [ '0.16.2' ],
46 silly audit   '@jimp/plugin-scale': [ '0.16.2' ],
46 silly audit   '@jimp/plugin-shadow': [ '0.16.2' ],
46 silly audit   '@jimp/plugin-threshold': [ '0.16.2' ],
46 silly audit   '@jimp/plugins': [ '0.16.2' ],
46 silly audit   '@jimp/png': [ '0.16.2' ],
46 silly audit   '@jimp/tiff': [ '0.16.2' ],
46 silly audit   '@jimp/types': [ '0.16.2' ],
46 silly audit   '@jimp/utils': [ '0.16.2' ],
46 silly audit   '@protobufjs/aspromise': [ '1.1.2' ],
46 silly audit   '@protobufjs/base64': [ '1.1.2' ],
46 silly audit   '@protobufjs/codegen': [ '2.0.4' ],
46 silly audit   '@protobufjs/eventemitter': [ '1.1.0' ],
46 silly audit   '@protobufjs/fetch': [ '1.1.0' ],
46 silly audit   '@protobufjs/float': [ '1.0.2' ],
46 silly audit   '@protobufjs/inquire': [ '1.1.0' ],
46 silly audit   '@protobufjs/path': [ '1.1.2' ],
46 silly audit   '@protobufjs/pool': [ '1.1.0' ],
46 silly audit   '@protobufjs/utf8': [ '1.1.0' ],
46 silly audit   '@sindresorhus/is': [ '4.6.0' ],
46 silly audit   '@szmarczak/http-timer': [ '4.0.6' ],
46 silly audit   '@tokenizer/token': [ '0.3.0' ],
46 silly audit   '@tootallnate/once': [ '1.1.2' ],
46 silly audit   '@types/cacheable-request': [ '6.0.3' ],
46 silly audit   '@types/http-cache-semantics': [ '4.0.1' ],
46 silly audit   '@types/keyv': [ '3.1.4' ],
46 silly audit   '@types/long': [ '4.0.2' ],
46 silly audit   '@types/node': [ '10.17.60', '16.9.1', '18.11.18' ],
46 silly audit   '@types/responselike': [ '1.0.0' ],
46 silly audit   abab: [ '2.0.6' ],
46 silly audit   acorn: [ '8.8.1', '7.4.1' ],
46 silly audit   'acorn-globals': [ '6.0.0' ],
46 silly audit   'acorn-walk': [ '7.2.0' ],
46 silly audit   'agent-base': [ '6.0.2' ],
46 silly audit   ajv: [ '6.12.6' ],
46 silly audit   'ansi-regex': [ '5.0.1' ],
46 silly audit   'ansi-styles': [ '4.3.0', '3.2.1' ],
46 silly audit   'any-base': [ '1.1.0' ],
46 silly audit   'array-back': [ '3.1.0' ],
46 silly audit   asn1: [ '0.2.6' ],
46 silly audit   'assert-plus': [ '1.0.0' ],
46 silly audit   async: [ '3.2.4' ],
46 silly audit   asynckit: [ '0.4.0' ],
46 silly audit   'atomic-sleep': [ '1.0.0' ],
46 silly audit   'available-typed-arrays': [ '1.0.5' ],
46 silly audit   'awesome-phonenumber': [ '2.73.0' ],
46 silly audit   'aws-sign2': [ '0.7.0' ],
46 silly audit   aws4: [ '1.11.0' ],
46 silly audit   'base64-js': [ '1.5.1' ],
46 silly audit   'bcrypt-pbkdf': [ '1.0.2' ],
46 silly audit   'bmp-js': [ '0.1.0' ],
46 silly audit   boolbase: [ '1.0.0' ],
46 silly audit   'browser-process-hrtime': [ '1.0.0' ],
46 silly audit   buffer: [ '5.7.1' ],
46 silly audit   'buffer-equal': [ '0.0.1' ],
46 silly audit   'cacheable-lookup': [ '5.0.4' ],
46 silly audit   'cacheable-request': [ '7.0.2' ],
46 silly audit   'call-bind': [ '1.0.2' ],
46 silly audit   camelcase: [ '5.3.1' ],
46 silly audit   caseless: [ '0.12.0' ],
46 silly audit   chalk: [ '4.1.2', '2.4.2', '3.0.0' ],
46 silly audit   cheerio: [ '1.0.0-rc.12' ],
46 silly audit   'cheerio-select': [ '2.1.0' ],
46 silly audit   child_process: [ '1.0.2' ],
46 silly audit   'cli-color': [ '0.3.2' ],
46 silly audit   'cli-cursor': [ '3.1.0' ],
46 silly audit   'cli-spinners': [ '2.7.0' ],
46 silly audit   cliui: [ '6.0.0' ],
46 silly audit   clone: [ '2.1.2', '1.0.4' ],
46 silly audit   'clone-response': [ '1.0.3' ],
46 silly audit   clui: [ '0.3.6' ],
46 silly audit   'color-convert': [ '2.0.1', '1.9.3' ],
46 silly audit   'color-name': [ '1.1.4', '1.1.3' ],
46 silly audit   colors: [ '1.4.0' ],
46 silly audit   'combined-stream': [ '1.0.8' ],
46 silly audit   'command-line-args': [ '5.2.1' ],
46 silly audit   'complex.js': [ '2.1.1' ],
46 silly audit   'content-type': [ '1.0.4' ],
46 silly audit   'core-util-is': [ '1.0.2' ],
46 silly audit   crypto: [ '1.0.1' ],
46 silly audit   'css-select': [ '5.1.0' ],
46 silly audit   'css-what': [ '6.1.0' ],
46 silly audit   cssom: [ '0.4.4', '0.3.8' ],
46 silly audit   cssstyle: [ '2.3.0' ],
46 silly audit   'curve25519-js': [ '0.0.4' ],
46 silly audit   d: [ '0.1.1', '1.0.1' ],
46 silly audit   dashdash: [ '1.14.1' ],
46 silly audit   'data-urls': [ '2.0.0' ],
46 silly audit   debug: [ '4.3.4' ],
46 silly audit   decamelize: [ '1.2.0' ],
46 silly audit   'decimal.js': [ '10.4.3' ],
46 silly audit   'decompress-response': [ '6.0.0' ],
46 silly audit   'mimic-response': [ '3.1.0', '1.0.1' ],
46 silly audit   'deep-is': [ '0.1.4' ],
46 silly audit   defaults: [ '1.0.4' ],
46 silly audit   'defer-to-connect': [ '2.0.1' ],
46 silly audit   'delayed-stream': [ '1.0.0' ],
46 silly audit   dijkstrajs: [ '1.0.2' ],
46 silly audit   'dom-serializer': [ '2.0.0' ],
46 silly audit   'dom-walk': [ '0.1.2' ],
46 silly audit   domelementtype: [ '2.3.0' ],
46 silly audit   domexception: [ '2.0.1' ],
46 silly audit   'webidl-conversions': [ '5.0.0', '3.0.1', '6.1.0' ],
46 silly audit   domhandler: [ '5.0.3' ],
46 silly audit   domutils: [ '3.0.1' ],
46 silly audit   duplexify: [ '4.1.2' ],
46 silly audit   'ecc-jsbn': [ '0.1.2' ],
46 silly audit   'emoji-regex': [ '8.0.0' ],
46 silly audit   'encode-utf8': [ '1.0.3' ],
46 silly audit   'end-of-stream': [ '1.4.4' ],
46 silly audit   entities: [ '4.4.0' ],
46 silly audit   'es5-ext': [ '0.10.62' ],
46 silly audit   'es6-iterator': [ '2.0.3', '0.1.3' ],
46 silly audit   'es6-symbol': [ '3.1.3', '2.0.1' ],
46 silly audit   'es6-weak-map': [ '0.1.4' ],
46 silly audit   'escape-latex': [ '1.2.0' ],
46 silly audit   'escape-string-regexp': [ '1.0.5' ],
46 silly audit   escodegen: [ '2.0.0' ],
46 silly audit   esprima: [ '4.0.1' ],
46 silly audit   estraverse: [ '5.3.0' ],
46 silly audit   esutils: [ '2.0.3' ],
46 silly audit   'event-emitter': [ '0.3.5' ],
46 silly audit   'exif-parser': [ '0.1.12' ],
46 silly audit   ext: [ '1.7.0' ],
46 silly audit   type: [ '2.7.2', '1.2.0' ],
46 silly audit   extend: [ '3.0.2' ],
46 silly audit   extsprintf: [ '1.3.0' ],
46 silly audit   'fast-deep-equal': [ '3.1.3' ],
46 silly audit   'fast-json-stable-stringify': [ '2.1.0' ],
46 silly audit   'fast-levenshtein': [ '2.0.6' ],
46 silly audit   'fast-redact': [ '3.1.2' ],
46 silly audit   figlet: [ '1.5.2' ],
46 silly audit   'find-replace': [ '3.0.0' ],
46 silly audit   'find-up': [ '4.1.0' ],
46 silly audit   'fluent-ffmpeg': [ '2.1.2' ],
46 silly audit   'follow-redirects': [ '1.15.2' ],
46 silly audit   'for-each': [ '0.3.3' ],
46 silly audit   'forever-agent': [ '0.6.1' ],
46 silly audit   'form-data': [ '4.0.0', '3.0.1', '2.3.3' ],
46 silly audit   'fraction.js': [ '4.2.0' ],
46 silly audit   fs: [ '0.0.1-security' ],
46 silly audit   'function-bind': [ '1.1.1' ],
46 silly audit   'futoin-hkdf': [ '1.5.1' ],
46 silly audit   'g-i-s': [ '2.1.6' ],
46 silly audit   'get-caller-file': [ '2.0.5' ],
46 silly audit   'get-intrinsic': [ '1.1.3' ],
46 silly audit   'get-stream': [ '5.2.0' ],
46 silly audit   getpass: [ '0.1.7' ],
46 silly audit   gifwrap: [ '0.9.4' ],
46 silly audit   global: [ '4.4.0' ],
46 silly audit   'google-it': [ '1.6.4' ],
46 silly audit   gopd: [ '1.0.1' ],
46 silly audit   got: [ '11.8.6' ],
46 silly audit   'har-schema': [ '2.0.0' ],
46 silly audit   'har-validator': [ '5.1.5' ],
46 silly audit   has: [ '1.0.3' ],
46 silly audit   'has-flag': [ '4.0.0', '3.0.0' ],
46 silly audit   'has-symbols': [ '1.0.3' ],
46 silly audit   'has-tostringtag': [ '1.0.0' ],
46 silly audit   'html-encoding-sniffer': [ '2.0.1' ],
46 silly audit   htmlparser2: [ '8.0.1' ],
46 silly audit   'http-cache-semantics': [ '4.1.0' ],
46 silly audit   'http-proxy-agent': [ '4.0.1' ],
46 silly audit   'http-signature': [ '1.2.0' ],
46 silly audit   'http2-wrapper': [ '1.0.3' ],
46 silly audit   'https-proxy-agent': [ '5.0.1' ],
46 silly audit   'human-readable': [ '0.2.1' ],
46 silly audit   'iconv-lite': [ '0.4.24' ],
46 silly audit   ieee754: [ '1.2.1' ],
46 silly audit   'image-q': [ '4.0.0' ],
46 silly audit   inherits: [ '2.0.4', '2.0.3' ],
46 silly audit   'is-arguments': [ '1.1.1' ],
46 silly audit   'is-callable': [ '1.2.7' ],
46 silly audit   'is-fullwidth-code-point': [ '3.0.0' ],
46 silly audit   'is-function': [ '1.0.2' ],
46 silly audit   'is-generator-function': [ '1.0.10' ],
46 silly audit   'is-interactive': [ '1.0.0' ],
46 silly audit   'is-potential-custom-element-name': [ '1.0.1' ],
46 silly audit   'is-typed-array': [ '1.1.10' ],
46 silly audit   'is-typedarray': [ '1.0.0' ],
46 silly audit   isexe: [ '2.0.0' ],
46 silly audit   isstream: [ '0.1.2' ],
46 silly audit   'javascript-natural-sort': [ '0.7.1' ],
46 silly audit   jimp: [ '0.16.2' ],
46 silly audit   'jpeg-js': [ '0.4.4' ],
46 silly audit   jsbn: [ '0.1.1' ],
46 silly audit   jsdom: [ '16.7.0' ],
46 silly audit   parse5: [ '6.0.1', '7.1.2' ],
46 silly audit   'tough-cookie': [ '4.1.2', '2.5.0' ],
46 silly audit   ws: [ '7.5.9', '8.11.0' ],
46 silly audit   'json-buffer': [ '3.0.1' ],
46 silly audit   'json-schema': [ '0.4.0' ],
46 silly audit   'json-schema-traverse': [ '0.4.1' ],
46 silly audit   'json-stringify-safe': [ '5.0.1' ],
46 silly audit   jsprim: [ '1.4.2' ],
46 silly audit   keyv: [ '4.5.2' ],
46 silly audit   levn: [ '0.3.0' ],
46 silly audit   libsignal: [ '2.0.1' ],
46 silly audit   protobufjs: [ '6.8.8', '6.11.3' ],
46 silly audit   'load-bmfont': [ '1.4.1' ],
46 silly audit   'locate-path': [ '5.0.0' ],
46 silly audit   lodash: [ '4.17.21' ],
46 silly audit   'lodash.camelcase': [ '4.3.0' ],
46 silly audit   'lodash.flatten': [ '4.4.0' ],
46 silly audit   'log-symbols': [ '3.0.0' ],
46 silly audit   'supports-color': [ '5.5.0', '7.2.0' ],
46 silly audit   long: [ '4.0.0' ],
46 silly audit   'lowercase-keys': [ '2.0.0' ],
46 silly audit   'lru-queue': [ '0.1.0' ],
46 silly audit   mathjs: [ '9.5.2' ],
46 silly audit   'media-typer': [ '1.1.0' ],
46 silly audit   memoizee: [ '0.3.10' ],
46 silly audit   'next-tick': [ '0.2.2', '1.1.0' ],
46 silly audit   mime: [ '1.6.0' ],
46 silly audit   'mime-db': [ '1.52.0' ],
46 silly audit   'mime-types': [ '2.1.35' ],
46 silly audit   'mimic-fn': [ '2.1.0' ],
46 silly audit   'min-document': [ '2.19.0' ],
46 silly audit   minimist: [ '1.2.7' ],
46 silly audit   mkdirp: [ '0.5.6' ],
46 silly audit   moment: [ '2.29.4' ],
46 silly audit   'moment-timezone': [ '0.5.40' ],
46 silly audit   ms: [ '2.1.2' ],
46 silly audit   'music-metadata': [ '7.13.0' ],
46 silly audit   'mute-stream': [ '0.0.8' ],
46 silly audit   'node-cache': [ '5.1.2' ],
46 silly audit   'node-fetch': [ '2.6.7' ],
46 silly audit   tr46: [ '0.0.3', '2.1.0' ],
46 silly audit   'whatwg-url': [ '5.0.0', '8.7.0' ],
46 silly audit   'node-webpmux': [ '3.1.3' ],
46 silly audit   'normalize-url': [ '6.1.0' ],
46 silly audit   'nth-check': [ '2.1.1' ],
46 silly audit   nwsapi: [ '2.2.2' ],
46 silly audit   'oauth-sign': [ '0.9.0' ],
46 silly audit   omggif: [ '1.0.10' ],
46 silly audit   'on-exit-leak-free': [ '0.2.0' ],
46 silly audit   once: [ '1.4.0' ],
46 silly audit   onetime: [ '5.1.2' ],
46 silly audit   optionator: [ '0.8.3' ],
46 silly audit   ora: [ '4.1.1' ],
46 silly audit   os: [ '0.1.2' ],
46 silly audit   'p-cancelable': [ '2.1.1' ],
46 silly audit   'p-limit': [ '2.3.0' ],
46 silly audit   'p-locate': [ '4.1.0' ],
46 silly audit   'p-try': [ '2.2.0' ],
46 silly audit   pako: [ '1.0.11' ],
46 silly audit   'parse-bmfont-ascii': [ '1.0.6' ],
46 silly audit   'parse-bmfont-binary': [ '1.0.6' ],
46 silly audit   'parse-bmfont-xml': [ '1.1.4' ],
46 silly audit   'parse-headers': [ '2.0.5' ],
46 silly audit   'parse-ms': [ '2.1.0' ],
46 silly audit   'parse5-htmlparser2-tree-adapter': [ '7.0.0' ],
46 silly audit   path: [ '0.12.7' ],
46 silly audit   'path-exists': [ '4.0.0' ],
46 silly audit   util: [ '0.10.4', '0.12.5' ],
46 silly audit   'peek-readable': [ '4.1.0' ],
46 silly audit   perf_hooks: [ '0.0.1' ],
46 silly audit   'performance-now': [ '2.1.0' ],
46 silly audit   phin: [ '2.9.3' ],
46 silly audit   pino: [ '7.11.0' ],
46 silly audit   'pino-abstract-transport': [ '0.5.0' ],
46 silly audit   'pino-std-serializers': [ '4.0.0' ],
46 silly audit   pixelmatch: [ '4.0.2' ],
46 silly audit   pngjs: [ '3.4.0', '5.0.0' ],
46 silly audit   'prelude-ls': [ '1.1.2' ],
46 silly audit   process: [ '0.11.10' ],
46 silly audit   'process-warning': [ '1.0.0' ],
46 silly audit   'proxy-from-env': [ '1.1.0' ],
46 silly audit   psl: [ '1.9.0' ],
46 silly audit   pump: [ '3.0.0' ],
46 silly audit   punycode: [ '2.1.1' ],
46 silly audit   qrcode: [ '1.5.1' ],
46 silly audit   'qrcode-terminal': [ '0.12.0' ],
46 silly audit   qs: [ '6.5.3' ],
46 silly audit   querystringify: [ '2.2.0' ],
46 silly audit   'quick-format-unescaped': [ '4.0.4' ],
46 silly audit   'quick-lru': [ '5.1.1' ],
46 silly audit   'readable-stream': [ '3.6.0' ],
46 silly audit   'readable-web-to-node-stream': [ '3.0.2' ],
46 silly audit   'real-require': [ '0.1.0' ],
46 silly audit   'regenerator-runtime': [ '0.13.11' ],
46 silly audit   request: [ '2.88.2' ],
46 silly audit   'require-directory': [ '2.1.1' ],
46 silly audit   'require-main-filename': [ '2.0.0' ],
46 silly audit   'requires-port': [ '1.0.0' ],
46 silly audit   'resolve-alpn': [ '1.2.1' ],
46 silly audit   responselike: [ '2.0.1' ],
46 silly audit   'restore-cursor': [ '3.1.0' ],
46 silly audit   'safe-buffer': [ '5.2.1' ],
46 silly audit   'safe-stable-stringify': [ '2.4.2' ],
46 silly audit   'safer-buffer': [ '2.1.2' ],
46 silly audit   sax: [ '1.2.4' ],
46 silly audit   saxes: [ '5.0.1' ],
46 silly audit   seedrandom: [ '3.0.5' ],
46 silly audit   'set-blocking': [ '2.0.0' ],
46 silly audit   'signal-exit': [ '3.0.7' ],
46 silly audit   'sonic-boom': [ '2.8.0' ],
46 silly audit   'source-map': [ '0.6.1' ],
46 silly audit   split2: [ '4.1.0' ],
46 silly audit   sshpk: [ '1.17.0' ],
46 silly audit   'stream-shift': [ '1.0.1' ],
46 silly audit   string_decoder: [ '1.3.0' ],
46 silly audit   'string-width': [ '4.2.3' ],
46 silly audit   'strip-ansi': [ '6.0.1' ],
46 silly audit   strtok3: [ '6.3.0' ],
46 silly audit   'symbol-tree': [ '3.2.4' ],
46 silly audit   'thread-stream': [ '0.15.2' ],
46 silly audit   'timers-ext': [ '0.1.7' ],
46 silly audit   timm: [ '1.7.1' ],
46 silly audit   'tiny-emitter': [ '2.1.0' ],
46 silly audit   tinycolor2: [ '1.5.1' ],
46 silly audit   'token-types': [ '4.2.1' ],
46 silly audit   'tunnel-agent': [ '0.6.0' ],
46 silly audit   tweetnacl: [ '0.14.5' ],
46 silly audit   'type-check': [ '0.3.2' ],
46 silly audit   'typed-function': [ '2.1.0' ],
46 silly audit   typical: [ '4.0.0' ],
46 silly audit   universalify: [ '0.2.0' ],
46 silly audit   'uri-js': [ '4.4.1' ],
46 silly audit   'url-parse': [ '1.5.10' ],
46 silly audit   utif: [ '2.0.1' ],
46 silly audit   'util-deprecate': [ '1.0.2' ],
46 silly audit   uuid: [ '3.4.0' ],
46 silly audit   verror: [ '1.10.0' ],
46 silly audit   'w3c-hr-time': [ '1.0.2' ],
46 silly audit   'w3c-xmlserializer': [ '2.0.0' ],
46 silly audit   wcwidth: [ '1.0.1' ],
46 silly audit   'whatwg-encoding': [ '1.0.5' ],
46 silly audit   'whatwg-mimetype': [ '2.3.0' ],
46 silly audit   which: [ '1.3.1' ],
46 silly audit   'which-module': [ '2.0.0' ],
46 silly audit   'which-typed-array': [ '1.1.9' ],
46 silly audit   'word-wrap': [ '1.2.3' ],
46 silly audit   'wrap-ansi': [ '6.2.0' ],
46 silly audit   wrappy: [ '1.0.2' ],
46 silly audit   xhr: [ '2.6.0' ],
46 silly audit   'xml-name-validator': [ '3.0.0' ],
46 silly audit   'xml-parse-from-string': [ '1.0.1' ],
46 silly audit   xml2js: [ '0.4.23' ],
46 silly audit   xmlbuilder: [ '11.0.1' ],
46 silly audit   xmlchars: [ '2.2.0' ],
46 silly audit   xtend: [ '4.0.2' ],
46 silly audit   y18n: [ '4.0.3' ],
46 silly audit   yargs: [ '15.4.1' ],
46 silly audit   'yargs-parser': [ '18.1.3' ]
46 silly audit }
47 timing reify:unpack Completed in 3ms
48 timing reify:unretire Completed in 0ms
49 timing build:queue Completed in 0ms
50 timing build:deps Completed in 1ms
51 timing build Completed in 1ms
52 timing reify:build Completed in 2ms
53 timing reify:trash Completed in 0ms
54 timing reify:save Completed in 127ms
55 http fetch POST 200 https://registry.npmjs.org/-/npm/v1/security/advisories/bulk 472ms
56 timing auditReport:getReport Completed in 480ms
57 silly audit report {
57 silly audit report   'http-cache-semantics': [
57 silly audit report     {
57 silly audit report       id: 1090532,
57 silly audit report       url: 'https://github.com/advisories/GHSA-rc47-6667-2j5j',
57 silly audit report       title: 'http-cache-semantics vulnerable to Regular Expression Denial of Service',
57 silly audit report       severity: 'high',
57 silly audit report       vulnerable_versions: '<4.1.1',
57 silly audit report       cwe: [Array],
57 silly audit report       cvss: [Object]
57 silly audit report     }
57 silly audit report   ],
57 silly audit report   request: [
57 silly audit report     {
57 silly audit report       id: 1091459,
57 silly audit report       url: 'https://github.com/advisories/GHSA-p8p7-x288-28g6',
57 silly audit report       title: 'Server-Side Request Forgery in Request',
57 silly audit report       severity: 'moderate',
57 silly audit report       vulnerable_versions: '<=2.88.2',
57 silly audit report       cwe: [Array],
57 silly audit report       cvss: [Object]
57 silly audit report     }
57 silly audit report   ]
57 silly audit report }
58 timing metavuln:cache:get:security-advisory:http-cache-semantics:RZkip6EYJtyEt/UL3+okkoXm+B53JgBI1sYCHIB0OBaifpHyBIKE6OFHLGc/tWG9l9E9gUJf1PslcXfSi2KE9Q== Completed in 6ms
59 timing metavuln:cache:get:security-advisory:request:BFji23dRqpNDTDt0PtAbs39ndHG4jIMV7Eu5lN+70e8OMGQebMyarAOHX0I4auPW1IGsxAq407Ifu+RBACRs9g== Completed in 5ms
60 http fetch GET 200 https://registry.npmjs.org/http-cache-semantics 13ms (cache hit)
61 timing metavuln:packument:http-cache-semantics Completed in 13ms
62 timing metavuln:load:security-advisory:http-cache-semantics:1090532 Completed in 1ms
63 timing metavuln:calculate:security-advisory:http-cache-semantics:1090532 Completed in 15ms
64 http fetch GET 200 https://registry.npmjs.org/request 13ms (cache hit)
65 timing metavuln:packument:request Completed in 15ms
66 timing metavuln:load:security-advisory:request:1091459 Completed in 3ms
67 timing metavuln:calculate:security-advisory:request:1091459 Completed in 18ms
68 timing metavuln:cache:get:security-advisory:cacheable-request:F7t+DvBbLUOBbBdSPhRG0Mq9l20mb4cWArku3Qd4yGfXUouPetshca04e8LPHOD4MVgTXbV40pmZifdKtETeUw== Completed in 2ms
69 http fetch GET 200 https://registry.npmjs.org/cacheable-request 4ms (cache hit)
70 timing metavuln:packument:cacheable-request Completed in 4ms
71 timing metavuln:load:security-advisory:cacheable-request:RZkip6EYJtyEt/UL3+okkoXm+B53JgBI1sYCHIB0OBaifpHyBIKE6OFHLGc/tWG9l9E9gUJf1PslcXfSi2KE9Q== Completed in 1ms
72 timing metavuln:calculate:security-advisory:cacheable-request:RZkip6EYJtyEt/UL3+okkoXm+B53JgBI1sYCHIB0OBaifpHyBIKE6OFHLGc/tWG9l9E9gUJf1PslcXfSi2KE9Q== Completed in 5ms
73 timing metavuln:cache:get:security-advisory:g-i-s:JFarp+im7+Vt5HqFBcjVvbE94dj2wnsLLs+Qk4GU0xZvjXFuch8f6bmQAQSriGNL9glwlP6no+SUFZ+UsZfjNw== Completed in 5ms
74 timing metavuln:cache:get:security-advisory:google-it:QvBhwv667RzV2LTNu9IRmwom/BOSnlYHBnAtO71kjXYeETb931N4lMFQ2N/X+cQngeIzJTaEUCzrZMvAZPhy1g== Completed in 5ms
75 http fetch GET 200 https://registry.npmjs.org/g-i-s 9ms (cache hit)
76 timing metavuln:packument:g-i-s Completed in 9ms
77 timing metavuln:load:security-advisory:g-i-s:BFji23dRqpNDTDt0PtAbs39ndHG4jIMV7Eu5lN+70e8OMGQebMyarAOHX0I4auPW1IGsxAq407Ifu+RBACRs9g== Completed in 0ms
78 timing metavuln:calculate:security-advisory:g-i-s:BFji23dRqpNDTDt0PtAbs39ndHG4jIMV7Eu5lN+70e8OMGQebMyarAOHX0I4auPW1IGsxAq407Ifu+RBACRs9g== Completed in 9ms
79 http fetch GET 200 https://registry.npmjs.org/google-it 7ms (cache hit)
80 timing metavuln:packument:google-it Completed in 8ms
81 timing metavuln:load:security-advisory:google-it:BFji23dRqpNDTDt0PtAbs39ndHG4jIMV7Eu5lN+70e8OMGQebMyarAOHX0I4auPW1IGsxAq407Ifu+RBACRs9g== Completed in 0ms
82 timing metavuln:calculate:security-advisory:google-it:BFji23dRqpNDTDt0PtAbs39ndHG4jIMV7Eu5lN+70e8OMGQebMyarAOHX0I4auPW1IGsxAq407Ifu+RBACRs9g== Completed in 10ms
83 timing auditReport:init Completed in 68ms
84 timing reify:audit Completed in 550ms
85 timing reify Completed in 1151ms
86 timing command:install Completed in 1171ms
87 verbose exit 0
88 timing npm Completed in 1222ms
89 info ok
